This is pdfTeX, Version 3.14159265-2.6-1.40.18 (TeX Live 2017) (preloaded format=pdflatex 2017.5.23)  18 MAY 2022 10:20
entering extended mode
 restricted \write18 enabled.
 file:line:error style messages enabled.
 %&-line parsing enabled.
**/Users/jdyeakel/Dropbox/PostDoc/2021_TaranWebs/consumer_allometry/main_v2.tex
(/Users/jdyeakel/Dropbox/PostDoc/2021_TaranWebs/consumer_allometry/main_v2.tex
LaTeX2e <2017-04-15>
Babel <3.10> and hyphenation patterns for 84 language(s) loaded.
(/Users/jdyeakel/Dropbox/PostDoc/2021_TaranWebs/consumer_allometry/rsos.cls

LaTeX Warning: You have requested document class `rsos',
               but the document class provides `rsproca'.

Document Class: rsproca 2005/12/01 v1.1 Standard LaTeX document class
(/usr/local/texlive/2017/texmf-dist/tex/latex/vruler/vruler.sty 2.3 <24/10/96>
    VRULER version 2.3 Octorber 1996 By Z Jiang
    University of New England, Australia
    Email: zhuhan@neumann.une.edu.au
) (/usr/local/texlive/2017/texmf-dist/tex/latex/crop/crop.sty
Package: crop 2003/05/20 v1.9 crop marks (mf)
\stockwidth=\dimen107
\stockheight=\dimen108
\CROP@index=\count89
 (/usr/local/texlive/2017/texmf-dist/tex/latex/graphics/color.sty
Package: color 2016/07/10 v1.1e Standard LaTeX Color (DPC)
 (/usr/local/texlive/2017/texmf-dist/tex/latex/graphics-cfg/color.cfg
File: color.cfg 2016/01/02 v1.6 sample color configuration
)
Package color Info: Driver file: pdftex.def on input line 147.
 (/usr/local/texlive/2017/texmf-dist/tex/latex/graphics-def/pdftex.def
File: pdftex.def 2017/01/12 v0.06k Graphics/color for pdfTeX
 (/usr/local/texlive/2017/texmf-dist/tex/generic/oberdiek/infwarerr.sty
Package: infwarerr 2016/05/16 v1.4 Providing info/warning/error messages (HO)
) (/usr/local/texlive/2017/texmf-dist/tex/generic/oberdiek/ltxcmds.sty
Package: ltxcmds 2016/05/16 v1.23 LaTeX kernel commands for general use (HO)
)
\Gread@gobject=\count90
)) (/usr/local/texlive/2017/texmf-dist/tex/latex/graphics/graphics.sty
Package: graphics 2017/04/14 v1.1b Standard LaTeX Graphics (DPC,SPQR)
 (/usr/local/texlive/2017/texmf-dist/tex/latex/graphics/trig.sty
Package: trig 2016/01/03 v1.10 sin cos tan (DPC)
) (/usr/local/texlive/2017/texmf-dist/tex/latex/graphics-cfg/graphics.cfg
File: graphics.cfg 2016/06/04 v1.11 sample graphics configuration
)
Package graphics Info: Driver file: pdftex.def on input line 99.
)
\CROP@offset=\count91
Package crop Info: Local config file crop.cfg used on input line 605.
 (/usr/local/texlive/2017/texmf-dist/tex/xelatex/xetexconfig/crop.cfg)) (/usr/local/texlive/2017/texmf-dist/tex/latex/amsmath/amsmath.sty
Package: amsmath 2016/11/05 v2.16a AMS math features
\@mathmargin=\skip41

For additional information on amsmath, use the `?' option.
(/usr/local/texlive/2017/texmf-dist/tex/latex/amsmath/amstext.sty
Package: amstext 2000/06/29 v2.01 AMS text
 (/usr/local/texlive/2017/texmf-dist/tex/latex/amsmath/amsgen.sty
File: amsgen.sty 1999/11/30 v2.0 generic functions
\@emptytoks=\toks31
\ex@=\dimen109
)) (/usr/local/texlive/2017/texmf-dist/tex/latex/amsmath/amsbsy.sty
Package: amsbsy 1999/11/29 v1.2d Bold Symbols
\pmbraise@=\dimen110
) (/usr/local/texlive/2017/texmf-dist/tex/latex/amsmath/amsopn.sty
Package: amsopn 2016/03/08 v2.02 operator names
)
\inf@bad=\count92
LaTeX Info: Redefining \frac on input line 213.
\uproot@=\count93
\leftroot@=\count94
LaTeX Info: Redefining \overline on input line 375.
\classnum@=\count95
\DOTSCASE@=\count96
LaTeX Info: Redefining \ldots on input line 472.
LaTeX Info: Redefining \dots on input line 475.
LaTeX Info: Redefining \cdots on input line 596.
\Mathstrutbox@=\box32
\strutbox@=\box33
\big@size=\dimen111
LaTeX Font Info:    Redeclaring font encoding OML on input line 712.
LaTeX Font Info:    Redeclaring font encoding OMS on input line 713.
\macc@depth=\count97
\c@MaxMatrixCols=\count98
\dotsspace@=\muskip10
\c@parentequation=\count99
\dspbrk@lvl=\count100
\tag@help=\toks32
\row@=\count101
\column@=\count102
\maxfields@=\count103
\andhelp@=\toks33
\eqnshift@=\dimen112
\alignsep@=\dimen113
\tagshift@=\dimen114
\tagwidth@=\dimen115
\totwidth@=\dimen116
\lineht@=\dimen117
\@envbody=\toks34
\multlinegap=\skip42
\multlinetaggap=\skip43
\mathdisplay@stack=\toks35
LaTeX Info: Redefining \[ on input line 2817.
LaTeX Info: Redefining \] on input line 2818.
) (/usr/local/texlive/2017/texmf-dist/tex/latex/amsfonts/amssymb.sty
Package: amssymb 2013/01/14 v3.01 AMS font symbols
 (/usr/local/texlive/2017/texmf-dist/tex/latex/amsfonts/amsfonts.sty
Package: amsfonts 2013/01/14 v3.01 Basic AMSFonts support
\symAMSa=\mathgroup4
\symAMSb=\mathgroup5
LaTeX Font Info:    Overwriting math alphabet `\mathfrak' in version `bold'
(Font)                  U/euf/m/n --> U/euf/b/n on input line 106.
)) (/usr/local/texlive/2017/texmf-dist/tex/latex/amscls/upref.sty
Package: upref 2007/03/14 v2.04
) (/usr/local/texlive/2017/texmf-dist/tex/latex/endnotes/endnotes.sty
\c@endnote=\count104
\endnotesep=\dimen118
\@enotes=\write3
) (/usr/local/texlive/2017/texmf-dist/tex/latex/amscls/amsthm.sty
Package: amsthm 2015/03/04 v2.20.2
\thm@style=\toks36
\thm@bodyfont=\toks37
\thm@headfont=\toks38
\thm@notefont=\toks39
\thm@headpunct=\toks40
\thm@preskip=\skip44
\thm@postskip=\skip45
\thm@headsep=\skip46
\dth@everypar=\toks41
) (/usr/local/texlive/2017/texmf-dist/tex/latex/marginnote/marginnote.sty
Package: marginnote 2017/04/22 v1.2b non floating margin notes for LaTeX
\c@mn@abspage=\count105
) (/usr/local/texlive/2017/texmf-dist/tex/latex/soul/soul.sty
Package: soul 2003/11/17 v2.4 letterspacing/underlining (mf)
\SOUL@word=\toks42
\SOUL@lasttoken=\toks43
\SOUL@cmds=\toks44
\SOUL@buffer=\toks45
\SOUL@token=\toks46
\SOUL@spaceskip=\skip47
\SOUL@ttwidth=\dimen119
\SOUL@uldp=\dimen120
\SOUL@ulht=\dimen121
) (/usr/local/texlive/2017/texmf-dist/tex/latex/graphics/graphicx.sty
Package: graphicx 2014/10/28 v1.0g Enhanced LaTeX Graphics (DPC,SPQR)
 (/usr/local/texlive/2017/texmf-dist/tex/latex/graphics/keyval.sty
Package: keyval 2014/10/28 v1.15 key=value parser (DPC)
\KV@toks@=\toks47
)
\Gin@req@height=\dimen122
\Gin@req@width=\dimen123
) (/usr/local/texlive/2017/texmf-dist/tex/latex/graphics/rotating.sty
Package: rotating 2016/08/11 v2.16d rotated objects in LaTeX
 (/usr/local/texlive/2017/texmf-dist/tex/latex/base/ifthen.sty
Package: ifthen 2014/09/29 v1.1c Standard LaTeX ifthen package (DPC)
)
\c@r@tfl@t=\count106
\rotFPtop=\skip48
\rotFPbot=\skip49
\rot@float@box=\box34
\rot@mess@toks=\toks48
) (/usr/local/texlive/2017/texmf-dist/tex/latex/tools/dcolumn.sty
Package: dcolumn 2014/10/28 v1.06 decimal alignment package (DPC)
 (/usr/local/texlive/2017/texmf-dist/tex/latex/tools/array.sty
Package: array 2016/10/06 v2.4d Tabular extension package (FMi)
\col@sep=\dimen124
\extrarowheight=\dimen125
\NC@list=\toks49
\extratabsurround=\skip50
\backup@length=\skip51
)) (/usr/local/texlive/2017/texmf-dist/tex/latex/base/fontenc.sty
Package: fontenc 2017/04/05 v2.0i Standard LaTeX package
 (/usr/local/texlive/2017/texmf-dist/tex/latex/base/t1enc.def
File: t1enc.def 2017/04/05 v2.0i Standard LaTeX file
LaTeX Font Info:    Redeclaring font encoding T1 on input line 48.
)) (/usr/local/texlive/2017/texmf-dist/tex/latex/psnfss/palatino.sty
Package: palatino 2005/04/12 PSNFSS-v9.2a (SPQR) 
) (/usr/local/texlive/2017/texmf-dist/tex/latex/psnfss/helvet.sty
Package: helvet 2005/04/12 PSNFSS-v9.2a (WaS) 
)
\catchlinewd=\dimen126
\dcht=\dimen127
\frametextht=\dimen128
\myrunhwidth=\skip52
LaTeX Font Info:    Try loading font information for T1+phv on input line 479.
 (/usr/local/texlive/2017/texmf-dist/tex/latex/psnfss/t1phv.fd
File: t1phv.fd 2001/06/04 scalable font definitions for T1/phv.
)
LaTeX Font Info:    Font shape `T1/phv/m/n' will be
(Font)              scaled to size 9.35007pt on input line 479.
\c@part=\count107
\c@section=\count108
\c@subsection=\count109
\c@subsubsection=\count110
\c@paragraph=\count111
\c@subparagraph=\count112
\c@figure=\count113
\c@scheme=\count114
\c@table=\count115
\abovecaptionskip=\skip53
\belowcaptionskip=\skip54
\leftnoteskip=\dimen129
 (/usr/local/texlive/2017/texmf-dist/tex/latex/colortbl/colortbl.sty
Package: colortbl 2012/02/13 v1.0a Color table columns (DPC)
\everycr=\toks50
\minrowclearance=\skip55
)
\bibindent=\dimen130
\absbox=\box35
\fmtextbox=\box36
\c@mythm=\count116
\rotdimen=\dimen131
\symEulerExtension=\mathgroup6
LaTeX Font Info:    Redeclaring math symbol \intop on input line 1447.
LaTeX Font Info:    Redeclaring math symbol \ointop on input line 1448.
\eqntext=\dimen132
 (/usr/local/texlive/2017/texmf-dist/tex/latex/natbib/natbib.sty
Package: natbib 2010/09/13 8.31b (PWD, AO)
\bibhang=\skip56
\bibsep=\skip57
LaTeX Info: Redefining \cite on input line 694.
\c@NAT@ctr=\count117
) (/usr/local/texlive/2017/texmf-dist/tex/latex/hyperref/hyperref.sty
Package: hyperref 2017/03/14 v6.85a Hypertext links for LaTeX
 (/usr/local/texlive/2017/texmf-dist/tex/generic/oberdiek/hobsub-hyperref.sty
Package: hobsub-hyperref 2016/05/16 v1.14 Bundle oberdiek, subset hyperref (HO)
 (/usr/local/texlive/2017/texmf-dist/tex/generic/oberdiek/hobsub-generic.sty
Package: hobsub-generic 2016/05/16 v1.14 Bundle oberdiek, subset generic (HO)
Package: hobsub 2016/05/16 v1.14 Construct package bundles (HO)
Package hobsub Info: Skipping package `infwarerr' (already loaded).
Package hobsub Info: Skipping package `ltxcmds' (already loaded).
Package: ifluatex 2016/05/16 v1.4 Provides the ifluatex switch (HO)
Package ifluatex Info: LuaTeX not detected.
Package: ifvtex 2016/05/16 v1.6 Detect VTeX and its facilities (HO)
Package ifvtex Info: VTeX not detected.
Package: intcalc 2016/05/16 v1.2 Expandable calculations with integers (HO)
Package: ifpdf 2017/03/15 v3.2 Provides the ifpdf switch
Package: etexcmds 2016/05/16 v1.6 Avoid name clashes with e-TeX commands (HO)
Package etexcmds Info: Could not find \expanded.
(etexcmds)             That can mean that you are not using pdfTeX 1.50 or
(etexcmds)             that some package has redefined \expanded.
(etexcmds)             In the latter case, load this package earlier.
Package: kvsetkeys 2016/05/16 v1.17 Key value parser (HO)
Package: kvdefinekeys 2016/05/16 v1.4 Define keys (HO)
Package: pdftexcmds 2017/03/19 v0.25 Utility functions of pdfTeX for LuaTeX (HO)
Package pdftexcmds Info: LuaTeX not detected.
Package pdftexcmds Info: \pdf@primitive is available.
Package pdftexcmds Info: \pdf@ifprimitive is available.
Package pdftexcmds Info: \pdfdraftmode found.
Package: pdfescape 2016/05/16 v1.14 Implements pdfTeX's escape features (HO)
Package: bigintcalc 2016/05/16 v1.4 Expandable calculations on big integers (HO)
Package: bitset 2016/05/16 v1.2 Handle bit-vector datatype (HO)
Package: uniquecounter 2016/05/16 v1.3 Provide unlimited unique counter (HO)
)
Package hobsub Info: Skipping package `hobsub' (already loaded).
Package: letltxmacro 2016/05/16 v1.5 Let assignment for LaTeX macros (HO)
Package: hopatch 2016/05/16 v1.3 Wrapper for package hooks (HO)
Package: xcolor-patch 2016/05/16 xcolor patch
Package: atveryend 2016/05/16 v1.9 Hooks at the very end of document (HO)
Package atveryend Info: \enddocument detected (standard20110627).
Package: atbegshi 2016/06/09 v1.18 At begin shipout hook (HO)
Package atbegshi Info: Package `crop' patched.
Package: refcount 2016/05/16 v3.5 Data extraction from label references (HO)
Package: hycolor 2016/05/16 v1.8 Color options for hyperref/bookmark (HO)
) (/usr/local/texlive/2017/texmf-dist/tex/generic/ifxetex/ifxetex.sty
Package: ifxetex 2010/09/12 v0.6 Provides ifxetex conditional
) (/usr/local/texlive/2017/texmf-dist/tex/latex/oberdiek/auxhook.sty
Package: auxhook 2016/05/16 v1.4 Hooks for auxiliary files (HO)
) (/usr/local/texlive/2017/texmf-dist/tex/latex/oberdiek/kvoptions.sty
Package: kvoptions 2016/05/16 v3.12 Key value format for package options (HO)
)
\@linkdim=\dimen133
\Hy@linkcounter=\count118
\Hy@pagecounter=\count119
 (/usr/local/texlive/2017/texmf-dist/tex/latex/hyperref/pd1enc.def
File: pd1enc.def 2017/03/14 v6.85a Hyperref: PDFDocEncoding definition (HO)
)
\Hy@SavedSpaceFactor=\count120
 (/usr/local/texlive/2017/texmf-dist/tex/latex/latexconfig/hyperref.cfg
File: hyperref.cfg 2002/06/06 v1.2 hyperref configuration of TeXLive
)
Package hyperref Info: Option `bookmarksnumbered' set `true' on input line 4374.
Package hyperref Info: Option `raiselinks' set `true' on input line 4374.
Package hyperref Info: Option `breaklinks' set `true' on input line 4374.
Package hyperref Info: Hyper figures OFF on input line 4498.
Package hyperref Info: Link nesting OFF on input line 4503.
Package hyperref Info: Hyper index ON on input line 4506.
Package hyperref Info: Plain pages OFF on input line 4513.
Package hyperref Info: Backreferencing OFF on input line 4518.
Package hyperref Info: Implicit mode ON; LaTeX internals redefined.
Package hyperref Info: Bookmarks ON on input line 4751.
\c@Hy@tempcnt=\count121
 (/usr/local/texlive/2017/texmf-dist/tex/latex/url/url.sty
\Urlmuskip=\muskip11
Package: url 2013/09/16  ver 3.4  Verb mode for urls, etc.
)
LaTeX Info: Redefining \url on input line 5104.
\XeTeXLinkMargin=\dimen134
\Fld@menulength=\count122
\Field@Width=\dimen135
\Fld@charsize=\dimen136
Package hyperref Info: Hyper figures OFF on input line 6358.
Package hyperref Info: Link nesting OFF on input line 6363.
Package hyperref Info: Hyper index ON on input line 6366.
Package hyperref Info: backreferencing OFF on input line 6373.
Package hyperref Info: Link coloring OFF on input line 6378.
Package hyperref Info: Link coloring with OCG OFF on input line 6383.
Package hyperref Info: PDF/A mode OFF on input line 6388.
LaTeX Info: Redefining \ref on input line 6428.
LaTeX Info: Redefining \pageref on input line 6432.
\Hy@abspage=\count123
\c@Item=\count124
\c@Hfootnote=\count125
)

Package hyperref Message: Driver (autodetected): hpdftex.

(/usr/local/texlive/2017/texmf-dist/tex/latex/hyperref/hpdftex.def
File: hpdftex.def 2017/03/14 v6.85a Hyperref driver for pdfTeX
\Fld@listcount=\count126
\c@bookmark@seq@number=\count127
 (/usr/local/texlive/2017/texmf-dist/tex/latex/oberdiek/rerunfilecheck.sty
Package: rerunfilecheck 2016/05/16 v1.8 Rerun checks for auxiliary files (HO)
Package uniquecounter Info: New unique counter `rerunfilecheck' on input line 282.
)
\Hy@SectionHShift=\skip58
)
Package hyperref Info: Option `colorlinks' set `true' on input line 1524.
) (/usr/local/texlive/2017/texmf-dist/tex/generic/babel/babel.sty
Package: babel 2017/05/19 3.10 The Babel package
 (/usr/local/texlive/2017/texmf-dist/tex/generic/babel-english/english.ldf
Language: english 2017/01/24 v3.3q English support from the babel system
 (/usr/local/texlive/2017/texmf-dist/tex/generic/babel/babel.def
File: babel.def 2017/05/19 3.10 Babel common definitions
\babel@savecnt=\count128
\U@D=\dimen137
)
\l@canadian = a dialect from \language\l@american 
\l@australian = a dialect from \language\l@british 
\l@newzealand = a dialect from \language\l@british 
)) (/usr/local/texlive/2017/texmf-dist/tex/latex/base/inputenc.sty
Package: inputenc 2015/03/17 v1.2c Input encoding file
\inpenc@prehook=\toks51
\inpenc@posthook=\toks52
 (/usr/local/texlive/2017/texmf-dist/tex/latex/base/latin1.def
File: latin1.def 2015/03/17 v1.2c Input encoding file
)) (/usr/local/texlive/2017/texmf-dist/tex/latex/base/fontenc.sty
Package: fontenc 2017/04/05 v2.0i Standard LaTeX package
 (/usr/local/texlive/2017/texmf-dist/tex/latex/base/t1enc.def
File: t1enc.def 2017/04/05 v2.0i Standard LaTeX file
LaTeX Font Info:    Redeclaring font encoding T1 on input line 48.
)) (/usr/local/texlive/2017/texmf-dist/tex/latex/float/float.sty
Package: float 2001/11/08 v1.3d Float enhancements (AL)
\c@float@type=\count129
\float@exts=\toks53
\float@box=\box37
\@float@everytoks=\toks54
\@floatcapt=\box38
) (/usr/local/texlive/2017/texmf-dist/tex/latex/tools/verbatim.sty
Package: verbatim 2014/10/28 v1.5q LaTeX2e package for verbatim enhancements
\every@verbatim=\toks55
\verbatim@line=\toks56
\verbatim@in@stream=\read4
) (/usr/local/texlive/2017/texmf-dist/tex/latex/tools/bm.sty
Package: bm 2017/01/16 v1.2c Bold Symbol Support (DPC/FMi)
\symboldoperators=\mathgroup7
\symboldletters=\mathgroup8
\symboldsymbols=\mathgroup9
LaTeX Font Info:    Redeclaring math alphabet \mathbf on input line 141.
LaTeX Info: Redefining \bm on input line 207.
) (/usr/local/texlive/2017/texmf-dist/tex/latex/mathtools/mathtools.sty
Package: mathtools 2015/11/12 v1.18 mathematical typesetting tools
 (/usr/local/texlive/2017/texmf-dist/tex/latex/tools/calc.sty
Package: calc 2014/10/28 v4.3 Infix arithmetic (KKT,FJ)
\calc@Acount=\count130
\calc@Bcount=\count131
\calc@Adimen=\dimen138
\calc@Bdimen=\dimen139
\calc@Askip=\skip59
\calc@Bskip=\skip60
LaTeX Info: Redefining \setlength on input line 80.
LaTeX Info: Redefining \addtolength on input line 81.
\calc@Ccount=\count132
\calc@Cskip=\skip61
) (/usr/local/texlive/2017/texmf-dist/tex/latex/mathtools/mhsetup.sty
Package: mhsetup 2010/01/21 v1.2a programming setup (MH)
)
LaTeX Info: Thecontrolsequence`\('isalreadyrobust on input line 129.
LaTeX Info: Thecontrolsequence`\)'isalreadyrobust on input line 129.
LaTeX Info: Thecontrolsequence`\['isalreadyrobust on input line 129.
LaTeX Info: Thecontrolsequence`\]'isalreadyrobust on input line 129.
\g_MT_multlinerow_int=\count133
\l_MT_multwidth_dim=\dimen140
\origjot=\skip62
\l_MT_shortvdotswithinadjustabove_dim=\dimen141
\l_MT_shortvdotswithinadjustbelow_dim=\dimen142
\l_MT_above_intertext_sep=\dimen143
\l_MT_below_intertext_sep=\dimen144
\l_MT_above_shortintertext_sep=\dimen145
\l_MT_below_shortintertext_sep=\dimen146
) (/usr/local/texlive/2017/texmf-dist/tex/latex/stmaryrd/stmaryrd.sty
Package: stmaryrd 1994/03/03 St Mary's Road symbol package
\symstmry=\mathgroup10
LaTeX Font Info:    Overwriting symbol font `stmry' in version `bold'
(Font)                  U/stmry/m/n --> U/stmry/b/n on input line 89.
) (/usr/local/texlive/2017/texmf-dist/tex/latex/anyfontsize/anyfontsize.sty
Package: anyfontsize 2007/11/22 anyfontsize.sty by pts
) (/usr/local/texlive/2017/texmf-dist/tex/latex/caption/subcaption.sty
Package: subcaption 2016/05/22 v1.1-161 Sub-captions (AR)
 (/usr/local/texlive/2017/texmf-dist/tex/latex/caption/caption.sty
Package: caption 2016/02/21 v3.3-144 Customizing captions (AR)
 (/usr/local/texlive/2017/texmf-dist/tex/latex/caption/caption3.sty
Package: caption3 2016/05/22 v1.7-166 caption3 kernel (AR)
Package caption3 Info: TeX engine: e-TeX on input line 67.
\captionmargin=\dimen147
\captionmargin@=\dimen148
\captionwidth=\dimen149
\caption@tempdima=\dimen150
\caption@indent=\dimen151
\caption@parindent=\dimen152
\caption@hangindent=\dimen153
Package caption Info: Unknown document class (or package),
(caption)             standard defaults will be used.
)

Package caption Warning: Unsupported document class (or package) detected,
(caption)                usage of the caption package is not recommended.
See the caption package documentation for explanation.

Package caption Info: \@makecaption = \long macro:#1#2->\vskip \abovecaptionskip \sbox \@tempboxa {{\captionheadfont #1.}\hskip 2.5pt{\captionfont #2}}\ifdim \wd \@tempboxa <\hsize \global \@minipagefalse \hb@xt@ \hsize {\box \@tempboxa }\else \ifdim \wd \@tempboxa >1.99\hsize {{\captionheadfont #1.}\hskip 2.5pt {\captionfont #2}\par } \else {{\captionheadfont #1.}\hskip 2.5pt {\captionfont #2}\par } \fi \fi \vskip \belowcaptionskip .
\c@ContinuedFloat=\count134
Package caption Info: float package is loaded.
Package caption Info: hyperref package is loaded.
Package caption Info: rotating package is loaded.
)
\c@subfigure=\count135
\c@subtable=\count136
)
\c@theorem=\count137
\c@condition=\count138
\c@corollary=\count139
 (/Users/jdyeakel/Dropbox/PostDoc/2021_TaranWebs/consumer_allometry/main_v2.aux)
\openout1 = `main_v2.aux'.

LaTeX Font Info:    Checking defaults for OML/cmm/m/it on input line 37.
LaTeX Font Info:    ... okay on input line 37.
LaTeX Font Info:    Checking defaults for T1/cmr/m/n on input line 37.
LaTeX Font Info:    ... okay on input line 37.
LaTeX Font Info:    Checking defaults for OT1/cmr/m/n on input line 37.
LaTeX Font Info:    ... okay on input line 37.
LaTeX Font Info:    Checking defaults for OMS/cmsy/m/n on input line 37.
LaTeX Font Info:    ... okay on input line 37.
LaTeX Font Info:    Checking defaults for OMX/cmex/m/n on input line 37.
LaTeX Font Info:    ... okay on input line 37.
LaTeX Font Info:    Checking defaults for U/cmr/m/n on input line 37.
LaTeX Font Info:    ... okay on input line 37.
LaTeX Font Info:    Checking defaults for PD1/pdf/m/n on input line 37.
LaTeX Font Info:    ... okay on input line 37.
LaTeX Font Info:    Try loading font information for T1+ppl on input line 37.
 (/usr/local/texlive/2017/texmf-dist/tex/latex/psnfss/t1ppl.fd
File: t1ppl.fd 2001/06/04 font definitions for T1/ppl.
) (/usr/local/texlive/2017/texmf-dist/tex/context/base/mkii/supp-pdf.mkii
[Loading MPS to PDF converter (version 2006.09.02).]
\scratchcounter=\count140
\scratchdimen=\dimen154
\scratchbox=\box39
\nofMPsegments=\count141
\nofMParguments=\count142
\everyMPshowfont=\toks57
\MPscratchCnt=\count143
\MPscratchDim=\dimen155
\MPnumerator=\count144
\makeMPintoPDFobject=\count145
\everyMPtoPDFconversion=\toks58
) (/usr/local/texlive/2017/texmf-dist/tex/latex/oberdiek/epstopdf-base.sty
Package: epstopdf-base 2016/05/15 v2.6 Base part for package epstopdf
 (/usr/local/texlive/2017/texmf-dist/tex/latex/oberdiek/grfext.sty
Package: grfext 2016/05/16 v1.2 Manage graphics extensions (HO)
)
Package epstopdf-base Info: Redefining graphics rule for `.eps' on input line 438.
Package grfext Info: Graphics extension search list:
(grfext)             [.png,.pdf,.jpg,.mps,.jpeg,.jbig2,.jb2,.PNG,.PDF,.JPG,.JPEG,.JBIG2,.JB2,.eps]
(grfext)             \AppendGraphicsExtensions on input line 456.
 (/usr/local/texlive/2017/texmf-dist/tex/latex/latexconfig/epstopdf-sys.cfg
File: epstopdf-sys.cfg 2010/07/13 v1.3 Configuration of (r)epstopdf for TeX Live
))
Package crop Info: requested driver: `' on input line 37.
Package crop Info: detected driver: `pdftex' on input line 37.
Package crop Info: using `pdftex' graphics driver on input line 37.
Package marginnote Info: \pdfoutput not 0 or unimportant and
(marginnote)             \pdflastxpos or \lastxpos available.
(marginnote)             Extended position detection mode activated.
 (/usr/local/texlive/2017/texmf-dist/tex/latex/tools/longtable.sty
Package: longtable 2014/10/28 v4.11 Multi-page Table package (DPC)
\LTleft=\skip63
\LTright=\skip64
\LTpre=\skip65
\LTpost=\skip66
\LTchunksize=\count146
\LTcapwidth=\dimen156
\LT@head=\box40
\LT@firsthead=\box41
\LT@foot=\box42
\LT@lastfoot=\box43
\LT@cols=\count147
\LT@rows=\count148
\c@LT@tables=\count149
\c@LT@chunks=\count150
\LT@p@ftn=\toks59
)
\AtBeginShipoutBox=\box44
Package hyperref Info: Link coloring ON on input line 37.
 (/usr/local/texlive/2017/texmf-dist/tex/latex/hyperref/nameref.sty
Package: nameref 2016/05/21 v2.44 Cross-referencing by name of section
 (/usr/local/texlive/2017/texmf-dist/tex/generic/oberdiek/gettitlestring.sty
Package: gettitlestring 2016/05/16 v1.5 Cleanup title references (HO)
)
\c@section@level=\count151
)
LaTeX Info: Redefining \ref on input line 37.
LaTeX Info: Redefining \pageref on input line 37.
LaTeX Info: Redefining \nameref on input line 37.
 (/Users/jdyeakel/Dropbox/PostDoc/2021_TaranWebs/consumer_allometry/main_v2.out) (/Users/jdyeakel/Dropbox/PostDoc/2021_TaranWebs/consumer_allometry/main_v2.out)
\@outlinefile=\write4
\openout4 = `main_v2.out'.

Package caption Info: Begin \AtBeginDocument code.
Package caption Info: longtable package is loaded.
 (/usr/local/texlive/2017/texmf-dist/tex/latex/caption/ltcaption.sty
Package: ltcaption 2013/06/09 v1.4-94 longtable captions (AR)
)
Package caption Info: End \AtBeginDocument code.

Underfull \hbox (badness 1817) in paragraph at lines 63--73
\T1/ppl/m/n/9 The vi-tal rates con-strain-ing en-ergy flow through 
 []


Underfull \hbox (badness 3354) in paragraph at lines 63--73
\T1/ppl/m/n/9 consumer-resource in-ter-ac-tions largely vary as a 
 []


Underfull \hbox (badness 3058) in paragraph at lines 63--73
\T1/ppl/m/n/9 have in-flu-ence small- to large-bodied species in 
 []


Underfull \hbox (badness 6691) in paragraph at lines 63--73
\T1/ppl/m/n/9 dif-fer-ent ways. Here we de-rive the timescales 
 []


Underfull \hbox (badness 1895) in paragraph at lines 63--73
\T1/ppl/m/n/9 for ter-res-trial mam-mals: star-va-tion from re-source 
 []


Overfull \hbox (9.32402pt too wide) in paragraph at lines 63--73
\T1/ppl/m/n/9 lim-i-ta-tion, mor-tal-ity as-so-ci-ated with ag-ing, con-sump-tion 
 []


Overfull \hbox (6.8846pt too wide) in paragraph at lines 63--73
\T1/ppl/m/n/9 by spe-cial-ist to gen-er-al-ist preda-tors, and that in-tro-duced 
 []


Underfull \hbox (badness 1158) in paragraph at lines 63--73
\T1/ppl/m/n/9 al-lo-met-ric re-la-tion-ships into a min-i-mal consumer- 
 []


Overfull \hbox (6.38913pt too wide) in paragraph at lines 63--73
\T1/ppl/m/n/9 resource dy-namic sys-tem il-lu-mi-nates cen-tral con-straints 
 []


Underfull \hbox (badness 3525) in paragraph at lines 63--73
\T1/ppl/m/n/9 com-mu-ni-ties. Our frame-work re-veals that while 
 []


Underfull \hbox (badness 2310) in paragraph at lines 63--73
\T1/ppl/m/n/9 star-va-tion largely im-pacts smaller-bodied species, 
 []


Underfull \hbox (badness 5533) in paragraph at lines 63--73
\T1/ppl/m/n/9 mega-her-bi-vore pop-u-la-tions. More-over, we show 
 []


Underfull \hbox (badness 1400) in paragraph at lines 63--73
\T1/ppl/m/n/9 of both pa-le-on-to-log-i-cal and his-tor-i-cal megafau-nal 
 []

<OPENSCIENCE.pdf, id=36, 153.57375pt x 33.12375pt>
File: OPENSCIENCE.pdf Graphic file (type pdf)
 <use OPENSCIENCE.pdf>
Package pdftex.def Info: OPENSCIENCE.pdf used on input line 92.
(pdftex.def)             Requested size: 153.57336pt x 33.12366pt.

Overfull \hbox (11.30959pt too wide) in paragraph at lines 92--92
[][] 
 []

LaTeX Font Info:    Font shape `T1/phv/m/n' will be
(Font)              scaled to size 11.47508pt on input line 92.

Overfull \hbox (13.63518pt too wide) in paragraph at lines 92--92
[][]\T1/phv/m/n/13.5 rsos.royalsocietypublishing.org[] 
 []

LaTeX Font Info:    Font shape `T1/phv/m/n' will be
(Font)              scaled to size 15.30011pt on input line 92.
<OpenAccesslogo_bw.pdf, id=38, 20.075pt x 32.12pt>
File: OpenAccesslogo_bw.pdf Graphic file (type pdf)
 <use OpenAccesslogo_bw.pdf>
Package pdftex.def Info: OpenAccesslogo_bw.pdf used on input line 92.
(pdftex.def)             Requested size: 20.07494pt x 32.1199pt.
Package epstopdf Info: Source file: <RS_crossmark_logo.eps>
(epstopdf)                    date: 2022-05-13 16:16:32
(epstopdf)                    size: 288286 bytes
(epstopdf)             Output file: <RS_crossmark_logo-eps-converted-to.pdf>
(epstopdf)                    date: 2022-05-13 19:11:42
(epstopdf)                    size: 24089 bytes
(epstopdf)             Command: <repstopdf --outfile=RS_crossmark_logo-eps-converted-to.pdf RS_crossmark_logo.eps>
(epstopdf)             \includegraphics on input line 92.
Package epstopdf Info: Output file is already uptodate.
 <RS_crossmark_logo-eps-converted-to.pdf, id=39, 26.0975pt x 33.12375pt>
File: RS_crossmark_logo-eps-converted-to.pdf Graphic file (type pdf)
 <use RS_crossmark_logo-eps-converted-to.pdf>
Package pdftex.def Info: RS_crossmark_logo-eps-converted-to.pdf used on input line 92.
(pdftex.def)             Requested size: 26.09743pt x 33.12366pt.
LaTeX Font Info:    Font shape `T1/phv/m/n' will be
(Font)              scaled to size 8.50006pt on input line 92.
LaTeX Font Info:    Font shape `T1/phv/b/n' will be
(Font)              scaled to size 8.50006pt on input line 92.
LaTeX Font Info:    Try loading font information for U+msa on input line 92.
 (/usr/local/texlive/2017/texmf-dist/tex/latex/amsfonts/umsa.fd
File: umsa.fd 2013/01/14 v3.01 AMS symbols A
)
LaTeX Font Info:    Try loading font information for U+msb on input line 92.
 (/usr/local/texlive/2017/texmf-dist/tex/latex/amsfonts/umsb.fd
File: umsb.fd 2013/01/14 v3.01 AMS symbols B
)
LaTeX Font Info:    Try loading font information for U+euex on input line 92.
 (/usr/local/texlive/2017/texmf-dist/tex/latex/amsfonts/ueuex.fd
File: ueuex.fd 2013/01/14 v3.01 Euler extra symbols
)
LaTeX Font Info:    Try loading font information for U+stmry on input line 92.
 (/usr/local/texlive/2017/texmf-dist/tex/latex/stmaryrd/Ustmry.fd)
LaTeX Font Info:    Font shape `T1/phv/m/n' will be
(Font)              scaled to size 17.00012pt on input line 92.
LaTeX Font Info:    Font shape `T1/phv/m/n' will be
(Font)              scaled to size 11.90009pt on input line 92.
LaTeX Font Info:    Calculating math sizes for size <14> on input line 92.
LaTeX Font Info:    Calculating math sizes for size <11> on input line 92.

Overfull \hbox (170.71654pt too wide) in paragraph at lines 92--92
[] 
 []


Overfull \hbox (11.48364pt too wide) in paragraph at lines 92--92
$[]$|  $[]$ 
 []


Underfull \vbox (badness 10000) has occurred while \output is active []


Underfull \hbox (badness 10000) has occurred while \output is active
[]
 []

<RSOS_Pubs_Logo_Line_CMYK.pdf, id=41, 153.57375pt x 20.075pt>
File: RSOS_Pubs_Logo_Line_CMYK.pdf Graphic file (type pdf)
 <use RSOS_Pubs_Logo_Line_CMYK.pdf>
Package pdftex.def Info: RSOS_Pubs_Logo_Line_CMYK.pdf used on input line 93.
(pdftex.def)             Requested size: 153.57336pt x 20.07494pt.
LaTeX Font Info:    Font shape `T1/phv/m/n' will be
(Font)              scaled to size 6.37505pt on input line 93.
LaTeX Font Info:    Calculating math sizes for size <7.5> on input line 93.
LaTeX Font Info:    Try loading font information for OMS+phv on input line 93.
 (/usr/local/texlive/2017/texmf-dist/tex/latex/psnfss/omsphv.fd
File: omsphv.fd 
)
LaTeX Font Info:    Font shape `OMS/phv/m/n' in size <7.5> not available
(Font)              Font shape `OMS/cmsy/m/n' tried instead on input line 93.
LaTeX Font Info:    Font shape `T1/phv/m/n' will be
(Font)              scaled to size 4.4625pt on input line 93.
LaTeX Font Info:    Font shape `T1/phv/m/n' will be
(Font)              scaled to size 3.18752pt on input line 93.

Overfull \hbox (14.27687pt too wide) has occurred while \output is active
[]  [][][][][][] 
 []

[1


{/usr/local/texlive/2017/texmf-var/fonts/map/pdftex/updmap/pdftex.map} </Users/jdyeakel/Dropbox/PostDoc/2021_TaranWebs/consumer_allometry/OPENSCIENCE.pdf> </Users/jdyeakel/Dropbox/PostDoc/2021_TaranWebs/consumer_allometry/OpenAccesslogo_bw.pdf> </Users/jdyeakel/Dropbox/PostDoc/2021_TaranWebs/consumer_allometry/RS_crossmark_logo-eps-converted-to.pdf> </Users/jdyeakel/Dropbox/PostDoc/2021_TaranWebs/consumer_allometry/RSOS_Pubs_Logo_Line_CMYK.pdf>]
LaTeX Font Info:    Font shape `T1/phv/m/n' will be
(Font)              scaled to size 13.6001pt on input line 93.

Underfull \vbox (badness 10000) has occurred while \output is active []

LaTeX Font Info:    Font shape `T1/phv/b/n' will be
(Font)              scaled to size 7.65005pt on input line 194.

Overfull \vbox (21.4162pt too high) has occurred while \output is active []

 [2]
Underfull \hbox (badness 1043) in paragraph at lines 219--224
\T1/ppl/m/n/9 all vary as a func-tion of con-sumer body mass $\OML/cmm/m/it/9 M[]$\T1/ppl/m/n/9 , where the con-sumer is as-sumed to
 []


Overfull \vbox (21.51176pt too high) has occurred while \output is active []

 [3]
Underfull \hbox (badness 1917) in paragraph at lines 246--252
\T1/ppl/m/n/9 The three pa-ram-e-ters $\OT1/cmr/m/n/9 (\OML/cmm/m/it/9 q[]; q[]; t[]\OT1/cmr/m/n/9 )$ \T1/ppl/m/n/9 each have well-documented al-lo-met-ric re-la-tion-ships for
 []


Overfull \vbox (21.4162pt too high) has occurred while \output is active []

 [4]
Overfull \vbox (21.51176pt too high) has occurred while \output is active []

 [5]
Underfull \hbox (badness 2707) in paragraph at lines 394--400
\T1/ppl/m/n/9 caches mag-ni-fies an in-di-vid-ual's en-er-getic stores [[]], whereas physiologically-mediated
 []


Overfull \vbox (21.51176pt too high) has occurred while \output is active []

 [6]
LaTeX Font Info:    Font shape `T1/ppl/bx/n' in size <9> not available
(Font)              Font shape `T1/ppl/b/n' tried instead on input line 520.


LaTeX Warning: Reference `fig:maxpreyvar' on page 7 undefined on input line 520.


LaTeX Warning: Reference `fig:megamammal' on page 7 undefined on input line 520.


Underfull \hbox (badness 1990) in paragraph at lines 537--540
[]\T1/ppl/m/n/9 A prin-ci-ple re-la-tion-ship in our frame-work is the al-lo-met-ric PPMR ob-served for the
 []


LaTeX Warning: Reference `fig:ppmr' on page 7 undefined on input line 551.


Overfull \vbox (21.4162pt too high) has occurred while \output is active []

 [7]

LaTeX Warning: Reference `fig:megamammalgen' on page 8 undefined on input line 554.

LaTeX Font Info:    Font shape `T1/phv/m/n' will be
(Font)              scaled to size 10.20007pt on input line 613.

LaTeX Warning: Reference `fig:harvestscaling' on page 8 undefined on input line 623.


Overfull \vbox (21.51176pt too high) has occurred while \output is active []

 [8]
Underfull \hbox (badness 1107) in paragraph at lines 633--639
[]\T1/ppl/m/n/9 We next cal-cu-late the har-vest rate re-quired to in-duce ex-tinc-tion, $\OML/cmm/m/it/9 h[]$\T1/ppl/m/n/9 , as a func-tion of
 []


Underfull \hbox (badness 1107) in paragraph at lines 650--662
\T1/ppl/m/n/9 et al.'s [[]] es-ti-mate of the har-vest pres-sure re-quired to col-lapse mam-moth (\T1/ppl/m/it/9 Mam-muthus
 []


Underfull \hbox (badness 1122) in paragraph at lines 650--662
\T1/ppl/m/n/9 of val-ues con-sis-tent with our ex-pec-ta-tion for sim-i-lar size-classes (est. har-vest pres-sure =
 []


Overfull \vbox (21.51176pt too high) has occurred while \output is active []

 [9]
Underfull \hbox (badness 1163) in paragraph at lines 674--681
\T1/ppl/m/n/9 That we ob-serve dynamically-feasible mega-t-rophic in-ter-ac-tions to oc-cupy a nar-row band
 []


Underfull \hbox (badness 1342) in paragraph at lines 674--681
\T1/ppl/m/n/9 in con-tem-po-rary com-mu-ni-ties. As the thresh-old con-sumer mass de-creases with preda-tor
 []


Overfull \vbox (21.51176pt too high) has occurred while \output is active []

 [10]
Overfull \vbox (21.4162pt too high) has occurred while \output is active []

 [11

] <fig_consumer2d_resources.pdf, id=326, 361.35pt x 236.885pt>
File: fig_consumer2d_resources.pdf Graphic file (type pdf)
 <use fig_consumer2d_resources.pdf>
Package pdftex.def Info: fig_consumer2d_resources.pdf used on input line 915.
(pdftex.def)             Requested size: 249.67058pt x 163.67493pt.
 <joined_survivorship.pdf, id=329, 578.16pt x 359.3425pt>
File: joined_survivorship.pdf Graphic file (type pdf)
 <use joined_survivorship.pdf>
Package pdftex.def Info: joined_survivorship.pdf used on input line 930.
(pdftex.def)             Requested size: 345.69862pt x 214.86145pt.
 <fig_starverelative.pdf, id=332, 412.54124pt x 245.91875pt>
File: fig_starverelative.pdf Graphic file (type pdf)
 <use fig_starverelative.pdf>
Package pdftex.def Info: fig_starverelative.pdf used on input line 944.
(pdftex.def)             Requested size: 249.67058pt x 148.83195pt.
 <fig_predation_alltogether.png, id=335, 3011.25pt x 2153.04375pt>
File: fig_predation_alltogether.png Graphic file (type png)
 <use fig_predation_alltogether.png>
Package pdftex.def Info: fig_predation_alltogether.png used on input line 955.
(pdftex.def)             Requested size: 384.1122pt x 274.61621pt.

Underfull \hbox (badness 1178) in paragraph at lines 965--965
\T1/ppl/m/n/9 densities shown along-side the the-o-ret-i-cal max-i-mum her-bi-vore $\OML/cmm/m/it/9 C[]$ \T1/ppl/m/n/9 and preda-tor $\OML/cmm/m/it/9 P[]$
 []

<fig_harvest.pdf, id=341, 650.43pt x 213.79875pt>
File: fig_harvest.pdf Graphic file (type pdf)
 <use fig_harvest.pdf>
Package pdftex.def Info: fig_harvest.pdf used on input line 971.
(pdftex.def)             Requested size: 384.1122pt x 126.26086pt.

Overfull \vbox (21.4162pt too high) has occurred while \output is active []

 [12 </Users/jdyeakel/Dropbox/PostDoc/2021_TaranWebs/consumer_allometry/fig_consumer2d_resources.pdf> </Users/jdyeakel/Dropbox/PostDoc/2021_TaranWebs/consumer_allometry/joined_survivorship.pdf

pdfTeX warning: pdflatex (file /Users/jdyeakel/Dropbox/PostDoc/2021_TaranWebs/consumer_allometry/joined_survivorship.pdf): PDF inclusion: multiple pdfs with page group included in a single page
>]
Overfull \vbox (21.51176pt too high) has occurred while \output is active []

 [13 </Users/jdyeakel/Dropbox/PostDoc/2021_TaranWebs/consumer_allometry/fig_starverelative.pdf>]
Overfull \vbox (21.4162pt too high) has occurred while \output is active []

 [14 </Users/jdyeakel/Dropbox/PostDoc/2021_TaranWebs/consumer_allometry/fig_predation_alltogether.png>]
Overfull \vbox (21.51176pt too high) has occurred while \output is active []

 [15 </Users/jdyeakel/Dropbox/PostDoc/2021_TaranWebs/consumer_allometry/fig_harvest.pdf>] (/Users/jdyeakel/Dropbox/PostDoc/2021_TaranWebs/consumer_allometry/main_v2.bbl
Underfull \hbox (badness 1584) in paragraph at lines 90--93
[]\T1/ppl/m/n/9 DeLong JP, Vasseur DA. 2012 Size-density scal-ing in pro-tists and the links be-tween
 []


Overfull \vbox (21.51176pt too high) has occurred while \output is active []

 [16


]
Underfull \hbox (badness 1515) in paragraph at lines 182--185
[]\T1/ppl/m/n/9 Nakazawa T. 2017 In-di-vid-ual in-ter-ac-tion data are re-quired in com-mu-nity ecol-ogy: a
 []


Overfull \vbox (21.4162pt too high) has occurred while \output is active []

 [17]
Underfull \hbox (badness 1009) in paragraph at lines 258--261
[]\T1/ppl/m/n/9 Jennings S, Blan-chard JL. 2004 Fish abun-dance with no fish-ing: pre-dic-tions based on
 []

) Setting LastPage
Overfull \vbox (21.51176pt too high) has occurred while \output is active []

 [18]
Package atveryend Info: Empty hook `BeforeClearDocument' on input line 987.
Package atveryend Info: Empty hook `AfterLastShipout' on input line 987.
 (/Users/jdyeakel/Dropbox/PostDoc/2021_TaranWebs/consumer_allometry/main_v2.aux)
Package atveryend Info: Executing hook `AtVeryEndDocument' on input line 987.
Package atveryend Info: Executing hook `AtEndAfterFileList' on input line 987.
Package rerunfilecheck Info: File `main_v2.out' has not changed.
(rerunfilecheck)             Checksum: 41AF116417941276D62B8254A1E67DB7;645.


LaTeX Warning: There were undefined references.

Package atveryend Info: Empty hook `AtVeryVeryEnd' on input line 987.
 ) 
Here is how much of TeX's memory you used:
 10710 strings out of 492995
 159042 string characters out of 6132704
 272915 words of memory out of 5000000
 13882 multiletter control sequences out of 15000+600000
 79798 words of font info for 168 fonts, out of 8000000 for 9000
 1151 hyphenation exceptions out of 8191
 42i,18n,44p,1621b,647s stack positions out of 5000i,500n,10000p,200000b,80000s
{/usr/local/texlive/2017/texmf-dist/fonts/enc/dvips/base/8r.enc}</usr/local/texlive/2017/texmf-dist/fonts/type1/public/amsfonts/cmextra/cmex9.pfb></usr/local/texlive/2017/texmf-dist/fonts/type1/public/amsfonts/cm/cmmi5.pfb></usr/local/texlive/2017/texmf-dist/fonts/type1/public/amsfonts/cm/cmmi7.pfb></usr/local/texlive/2017/texmf-dist/fonts/type1/public/amsfonts/cm/cmmi9.pfb></usr/local/texlive/2017/texmf-dist/fonts/type1/public/amsfonts/cm/cmr10.pfb></usr/local/texlive/2017/texmf-dist/fonts/type1/public/amsfonts/cm/cmr5.pfb></usr/local/texlive/2017/texmf-dist/fonts/type1/public/amsfonts/cm/cmr7.pfb></usr/local/texlive/2017/texmf-dist/fonts/type1/public/amsfonts/cm/cmr8.pfb></usr/local/texlive/2017/texmf-dist/fonts/type1/public/amsfonts/cm/cmr9.pfb></usr/local/texlive/2017/texmf-dist/fonts/type1/public/amsfonts/cm/cmsy7.pfb></usr/local/texlive/2017/texmf-dist/fonts/type1/public/amsfonts/cm/cmsy9.pfb></usr/local/texlive/2017/texmf-dist/fonts/type1/public/amsfonts/euler/euex9.pfb></usr/local/texlive/2017/texmf-dist/fonts/type1/urw/helvetic/uhvb8a.pfb></usr/local/texlive/2017/texmf-dist/fonts/type1/urw/helvetic/uhvr8a.pfb></usr/local/texlive/2017/texmf-dist/fonts/type1/urw/palatino/uplb8a.pfb></usr/local/texlive/2017/texmf-dist/fonts/type1/urw/palatino/uplr8a.pfb></usr/local/texlive/2017/texmf-dist/fonts/type1/urw/palatino/uplri8a.pfb>
Output written on /Users/jdyeakel/Dropbox/PostDoc/2021_TaranWebs/consumer_allometry/main_v2.pdf (18 pages, 1773791 bytes).
PDF statistics:
 557 PDF objects out of 1000 (max. 8388607)
 467 compressed objects within 5 object streams
 107 named destinations out of 1000 (max. 500000)
 110 words of extra memory for PDF output out of 10000 (max. 10000000)

